TN:
SF:src/app.ts
FN:19,(anonymous_12)
FN:30,(anonymous_13)
FN:34,(anonymous_14)
FN:38,(anonymous_15)
FN:42,(anonymous_16)
FNF:5
FNH:5
FNDA:1,(anonymous_12)
FNDA:1,(anonymous_13)
FNDA:1,(anonymous_14)
FNDA:1,(anonymous_15)
FNDA:1,(anonymous_16)
DA:1,1
DA:4,1
DA:5,1
DA:6,1
DA:7,1
DA:10,1
DA:11,1
DA:14,1
DA:20,1
DA:21,1
DA:22,1
DA:23,1
DA:24,1
DA:26,1
DA:27,1
DA:31,1
DA:35,1
DA:39,1
DA:43,1
DA:44,1
DA:45,1
DA:46,1
DA:47,1
DA:48,1
LF:24
LH:24
BRDA:27,0,0,1
BRDA:27,0,1,0
BRF:2
BRH:1
end_of_record
TN:
SF:src/main.ts
FN:21,(anonymous_0)
FN:32,bootStrap
FNF:2
FNH:2
FNDA:1,(anonymous_0)
FNDA:1,bootStrap
DA:1,1
DA:2,1
DA:3,1
DA:4,1
DA:6,1
DA:8,1
DA:10,1
DA:12,1
DA:13,1
DA:14,1
DA:21,1
DA:22,1
DA:23,1
DA:24,1
DA:25,1
DA:26,1
DA:27,1
DA:28,1
DA:29,1
DA:33,1
DA:34,1
DA:35,1
DA:36,1
DA:37,1
DA:40,1
LF:25
LH:25
BRF:0
BRH:0
end_of_record
TN:
SF:src/types.ts
FNF:0
FNH:0
DA:1,1
LF:1
LH:1
BRF:0
BRH:0
end_of_record
TN:
SF:src/common/base.controller.ts
FN:5,(anonymous_2)
FN:12,(anonymous_3)
FN:16,(anonymous_4)
FN:20,(anonymous_5)
FN:24,(anonymous_6)
FN:28,(anonymous_7)
FN:32,(anonymous_8)
FN:37,(anonymous_9)
FN:40,(anonymous_10)
FNF:9
FNH:7
FNDA:0,(anonymous_2)
FNDA:1,(anonymous_3)
FNDA:7,(anonymous_4)
FNDA:1,(anonymous_5)
FNDA:4,(anonymous_6)
FNDA:4,(anonymous_7)
FNDA:0,(anonymous_8)
FNDA:1,(anonymous_9)
FNDA:5,(anonymous_10)
DA:1,1
DA:4,1
DA:5,1
DA:6,1
DA:9,1
DA:12,1
DA:13,1
DA:17,7
DA:21,1
DA:25,4
DA:29,4
DA:33,0
DA:34,0
DA:38,1
DA:39,6
DA:40,6
DA:41,6
DA:42,6
DA:43,6
LF:19
LH:17
BRDA:32,0,0,0
BRDA:40,1,0,0
BRDA:40,1,1,6
BRDA:40,2,0,6
BRDA:40,2,1,6
BRDA:42,3,0,6
BRDA:42,3,1,0
BRF:7
BRH:4
end_of_record
TN:
SF:src/common/validate.middleware.ts
FN:6,(anonymous_7)
FN:10,(anonymous_8)
FNF:2
FNH:2
FNDA:5,(anonymous_7)
FNDA:5,(anonymous_8)
DA:2,1
DA:3,1
DA:5,1
DA:7,5
DA:11,5
DA:12,6
DA:13,6
DA:15,6
DA:20,6
DA:21,0
DA:22,0
DA:23,0
DA:26,5
LF:13
LH:10
BRDA:20,0,0,0
BRF:1
BRH:0
end_of_record
TN:
SF:src/config/config.service.ts
FN:12,(anonymous_4)
FN:23,(anonymous_5)
FNF:2
FNH:2
FNDA:1,(anonymous_4)
FNDA:1,(anonymous_5)
DA:1,1
DA:3,1
DA:5,1
DA:6,1
DA:9,1
DA:12,1
DA:13,1
DA:15,1
DA:16,0
DA:18,1
DA:19,1
DA:24,1
LF:12
LH:11
BRDA:15,0,0,0
BRDA:15,0,1,1
BRF:2
BRH:1
end_of_record
TN:
SF:src/database/prisma.service.ts
FN:9,(anonymous_11)
FN:13,(anonymous_12)
FN:24,(anonymous_14)
FNF:3
FNH:2
FNDA:1,(anonymous_11)
FNDA:1,(anonymous_12)
FNDA:0,(anonymous_14)
DA:1,1
DA:2,1
DA:3,1
DA:7,1
DA:9,1
DA:10,1
DA:14,1
DA:15,1
DA:16,1
DA:18,0
DA:19,0
DA:25,0
LF:12
LH:9
BRDA:18,0,0,0
BRF:1
BRH:0
end_of_record
TN:
SF:src/errors/exeption.fillter.ts
FN:11,(anonymous_4)
FN:13,(anonymous_5)
FNF:2
FNH:1
FNDA:1,(anonymous_4)
FNDA:0,(anonymous_5)
DA:3,1
DA:4,1
DA:6,1
DA:7,1
DA:10,1
DA:11,1
DA:14,0
DA:15,0
DA:16,0
DA:18,0
DA:19,0
LF:11
LH:6
BRDA:14,0,0,0
BRDA:14,0,1,0
BRF:2
BRH:0
end_of_record
TN:
SF:src/errors/http-error.class.ts
FN:5,(anonymous_0)
FNF:1
FNH:0
FNDA:0,(anonymous_0)
DA:1,1
DA:6,0
DA:7,0
DA:8,0
DA:9,0
LF:5
LH:1
BRF:0
BRH:0
end_of_record
TN:
SF:src/logger/logger.service.ts
FN:67,(anonymous_2)
FN:91,(anonymous_3)
FN:95,(anonymous_4)
FN:99,(anonymous_5)
FN:103,(anonymous_6)
FN:107,(anonymous_7)
FNF:6
FNH:3
FNDA:1,(anonymous_2)
FNDA:9,(anonymous_3)
FNDA:0,(anonymous_4)
FNDA:0,(anonymous_5)
FNDA:0,(anonymous_6)
FNDA:5,(anonymous_7)
DA:57,1
DA:59,1
DA:60,1
DA:61,1
DA:64,1
DA:68,1
DA:69,1
DA:86,0
DA:87,0
DA:92,9
DA:96,0
DA:100,0
DA:104,0
DA:108,5
LF:14
LH:9
BRDA:67,0,0,1
BRDA:67,1,0,1
BRDA:67,2,0,1
BRDA:91,3,0,9
BRF:4
BRH:4
end_of_record
TN:
SF:src/tasks/task.dtos.ts
FN:24,(anonymous_2)
FN:40,(anonymous_3)
FN:48,(anonymous_4)
FN:52,(anonymous_5)
FNF:4
FNH:2
FNDA:1,(anonymous_2)
FNDA:2,(anonymous_3)
FNDA:0,(anonymous_4)
FNDA:0,(anonymous_5)
DA:1,1
DA:12,1
DA:13,1
DA:15,1
DA:18,1
DA:22,1
DA:24,1
DA:26,1
DA:29,1
DA:32,1
DA:36,1
DA:39,1
DA:40,2
DA:43,1
DA:46,1
DA:48,0
DA:49,1
DA:52,0
DA:53,1
DA:56,1
DA:58,1
DA:61,1
DA:64,1
DA:66,1
LF:24
LH:22
BRF:0
BRH:0
end_of_record
TN:
SF:src/tasks/task.repository.ts
FN:9,(anonymous_11)
FN:11,(anonymous_12)
FN:24,(anonymous_14)
FN:30,(anonymous_16)
FN:34,(anonymous_18)
FN:45,(anonymous_20)
FN:54,(anonymous_22)
FN:69,(anonymous_24)
FN:73,(anonymous_25)
FNF:9
FNH:8
FNDA:1,(anonymous_11)
FNDA:1,(anonymous_12)
FNDA:1,(anonymous_14)
FNDA:0,(anonymous_16)
FNDA:1,(anonymous_18)
FNDA:1,(anonymous_20)
FNDA:1,(anonymous_22)
FNDA:1,(anonymous_24)
FNDA:1,(anonymous_25)
DA:1,1
DA:2,1
DA:3,1
DA:8,1
DA:9,1
DA:12,1
DA:25,1
DA:31,0
DA:35,1
DA:36,0
DA:39,1
DA:46,1
DA:55,1
DA:68,1
DA:69,1
DA:73,1
DA:75,1
LF:17
LH:15
BRDA:19,0,0,1
BRDA:19,0,1,1
BRDA:35,1,0,0
BRDA:35,2,0,1
BRDA:35,2,1,1
BRF:5
BRH:4
end_of_record
TN:
SF:src/tasks/task.service.ts
FN:9,(anonymous_11)
FN:11,(anonymous_12)
FN:15,(anonymous_14)
FN:19,(anonymous_16)
FN:23,(anonymous_18)
FN:26,(anonymous_20)
FN:29,(anonymous_22)
FNF:7
FNH:6
FNDA:1,(anonymous_11)
FNDA:1,(anonymous_12)
FNDA:1,(anonymous_14)
FNDA:1,(anonymous_16)
FNDA:0,(anonymous_18)
FNDA:1,(anonymous_20)
FNDA:1,(anonymous_22)
DA:2,1
DA:3,1
DA:8,1
DA:9,1
DA:12,1
DA:16,1
DA:20,1
DA:24,0
DA:27,1
DA:30,1
LF:10
LH:9
BRF:0
BRH:0
end_of_record
TN:
SF:src/tasks/tasks.controller.ts
FN:19,(anonymous_11)
FN:70,(anonymous_12)
FN:80,(anonymous_14)
FN:94,(anonymous_16)
FN:104,(anonymous_18)
FN:114,(anonymous_20)
FN:133,(anonymous_22)
FNF:7
FNH:6
FNDA:1,(anonymous_11)
FNDA:1,(anonymous_12)
FNDA:1,(anonymous_14)
FNDA:0,(anonymous_16)
FNDA:1,(anonymous_18)
FNDA:1,(anonymous_20)
FNDA:1,(anonymous_22)
DA:1,1
DA:3,1
DA:6,1
DA:7,1
DA:8,1
DA:9,1
DA:18,1
DA:20,1
DA:21,1
DA:23,1
DA:24,1
DA:71,1
DA:72,1
DA:73,1
DA:75,0
DA:76,0
DA:81,1
DA:82,1
DA:83,1
DA:84,1
DA:86,0
DA:89,0
DA:90,0
DA:95,0
DA:96,0
DA:97,0
DA:99,0
DA:100,0
DA:105,1
DA:106,1
DA:107,1
DA:109,0
DA:110,0
DA:115,1
DA:116,1
DA:117,1
DA:118,1
DA:120,1
DA:121,0
DA:122,0
DA:125,1
DA:126,1
DA:128,0
DA:129,0
DA:134,1
DA:135,1
DA:136,1
DA:137,1
DA:139,0
DA:140,0
LF:50
LH:32
BRDA:83,0,0,1
BRDA:83,0,1,0
BRDA:120,1,0,0
BRDA:120,2,0,1
BRDA:120,2,1,1
BRF:5
BRH:3
end_of_record
